-------------------------------------------------------------------------------
Test set: com.parkit.parkingsystem.integration.ParkingDataBaseIT
-------------------------------------------------------------------------------
Tests run: 2, Failures: 1, Errors: 0, Skipped: 0, Time elapsed: 2.774 s <<< FAILURE! - in com.parkit.parkingsystem.integration.ParkingDataBaseIT
com.parkit.parkingsystem.integration.ParkingDataBaseIT.testParkingLotExit  Time elapsed: 1.666 s  <<< FAILURE!
org.opentest4j.AssertionFailedError: expected: <2020-12-22 11:15:22.0> but was: <null>
	at com.parkit.parkingsystem.integration.ParkingDataBaseIT.testParkingLotExit(ParkingDataBaseIT.java:82)

