<?xml version="1.0" encoding="UTF-8"?>
<testsuite xmlns:xsi="http://www.w3.org/2001/XMLSchema-instance" xsi:noNamespaceSchemaLocation="https://maven.apache.org/surefire/maven-surefire-plugin/xsd/surefire-test-report-3.0.xsd" version="3.0" name="com.parkit.parkingsystem.ParkingServiceTest" time="1.078" tests="2" errors="0" skipped="0" failures="0">
  <properties>
[...]
</properties>
  <testcase name="processExitingVehicleTest" classname="com.parkit.parkingsystem.ParkingServiceTest" time="1.07">
    <system-out><![CDATA[Please type the vehicle registration number and press enter key
Please pay the parking fare:0.75
Recorded out-time for vehicle number:ABCDEF is:Mon Dec 21 18:06:48 CET 2020
]]></system-out>
  </testcase>
  <testcase name="processIncomingVehicle" classname="com.parkit.parkingsystem.ParkingServiceTest" time="0.004">
    <system-out><![CDATA[Please select vehicle type from menu
1 CAR
2 BIKE
Please type the vehicle registration number and press enter key
Generated Ticket and saved in DB
Please park your vehicle in spot number:1
Recorded in-time for vehicle number:ABCDEF is:Mon Dec 21 18:06:48 CET 2020
]]></system-out>
  </testcase>
</testsuite>